/*C1*/SET SCHEMA SYSTEM_LOBS
INSERT INTO BLOCKS VALUES(0,2147483647,0)
COMMIT
/*C2*/SET SCHEMA PUBLIC
CREATE SEQUENCE peliculas_id_seq START WITH 1 INCREMENT BY 1
CREATE TABLE peliculas(\u000a   id INT GENERATED BY DEFAULT AS SEQUENCE peliculas_id_seq,\u000a   titulo VARCHAR(300),\u000a   fecha_estreno DATE,\u000a   calificacion VARCHAR(100),   \u000a   PRIMARY KEY(id)\u000a)
INSERT INTO PELICULAS VALUES(1,'El gran Lebowski','1996-01-18','R')
ALTER SEQUENCE PUBLIC.PELICULAS_ID_SEQ RESTART WITH 2
COMMIT
INSERT INTO PELICULAS VALUES(2,'No es pais para viejos','2007-11-21','R')
ALTER SEQUENCE PUBLIC.PELICULAS_ID_SEQ RESTART WITH 3
COMMIT
INSERT INTO PELICULAS VALUES(3,'En realidad, nunca estuviste aqu\u00ed','2017-05-27','R')
ALTER SEQUENCE PUBLIC.PELICULAS_ID_SEQ RESTART WITH 4
COMMIT
INSERT INTO PELICULAS VALUES(4,'Predestinaci\u00f3n','2015-01-09','R')
ALTER SEQUENCE PUBLIC.PELICULAS_ID_SEQ RESTART WITH 5
COMMIT
INSERT INTO PELICULAS VALUES(5,'Voraz','2016-04-14','R')
ALTER SEQUENCE PUBLIC.PELICULAS_ID_SEQ RESTART WITH 6
COMMIT
INSERT INTO PELICULAS VALUES(6,'Coherencia','2013-09-19','NR')
ALTER SEQUENCE PUBLIC.PELICULAS_ID_SEQ RESTART WITH 7
COMMIT
INSERT INTO PELICULAS VALUES(7,'Stalker','1979-04-01','NR')
ALTER SEQUENCE PUBLIC.PELICULAS_ID_SEQ RESTART WITH 8
COMMIT
CREATE SEQUENCE directores_id_seq START WITH 1 INCREMENT BY 1
CREATE TABLE directores(\u000a   id INT GENERATED BY DEFAULT AS SEQUENCE directores_id_seq,\u000a   nombre VARCHAR(300),\u000a   nacionalidad VARCHAR(300),\u000a   PRIMARY KEY(id) \u000a)
INSERT INTO DIRECTORES VALUES(1,'Lynne Ramsay','Escosesa')
ALTER SEQUENCE PUBLIC.DIRECTORES_ID_SEQ RESTART WITH 2
COMMIT
INSERT INTO DIRECTORES VALUES(2,'Joel Coen','Estadounidense')
ALTER SEQUENCE PUBLIC.DIRECTORES_ID_SEQ RESTART WITH 3
COMMIT
INSERT INTO DIRECTORES VALUES(3,'Ethan Coen','Estadounidense')
ALTER SEQUENCE PUBLIC.DIRECTORES_ID_SEQ RESTART WITH 4
COMMIT
INSERT INTO DIRECTORES VALUES(4,'Julia Ducournau','Francesa')
ALTER SEQUENCE PUBLIC.DIRECTORES_ID_SEQ RESTART WITH 5
COMMIT
INSERT INTO DIRECTORES VALUES(5,'Michael Spierig','Alemana')
ALTER SEQUENCE PUBLIC.DIRECTORES_ID_SEQ RESTART WITH 6
COMMIT
INSERT INTO DIRECTORES VALUES(6,'Peter Spierig','Alemana')
ALTER SEQUENCE PUBLIC.DIRECTORES_ID_SEQ RESTART WITH 7
COMMIT
INSERT INTO DIRECTORES VALUES(7,'James Ward','Estadounidense')
ALTER SEQUENCE PUBLIC.DIRECTORES_ID_SEQ RESTART WITH 8
COMMIT
INSERT INTO DIRECTORES VALUES(8,'Andrei Tarkovsky','Ruso')
ALTER SEQUENCE PUBLIC.DIRECTORES_ID_SEQ RESTART WITH 9
COMMIT
CREATE SEQUENCE generos_id_seq START WITH 1 INCREMENT BY 1
CREATE TABLE generos(\u000a   id INT GENERATED BY DEFAULT AS SEQUENCE generos_id_seq,\u000a   nombre VARCHAR(300),\u000a   PRIMARY KEY(id) \u000a)
INSERT INTO GENEROS VALUES(1,'Terror')
ALTER SEQUENCE PUBLIC.GENEROS_ID_SEQ RESTART WITH 2
COMMIT
INSERT INTO GENEROS VALUES(2,'Ciencia ficci\u00f3n')
ALTER SEQUENCE PUBLIC.GENEROS_ID_SEQ RESTART WITH 3
COMMIT
INSERT INTO GENEROS VALUES(3,'Suspenso')
ALTER SEQUENCE PUBLIC.GENEROS_ID_SEQ RESTART WITH 4
COMMIT
INSERT INTO GENEROS VALUES(4,'Drama')
ALTER SEQUENCE PUBLIC.GENEROS_ID_SEQ RESTART WITH 5
COMMIT
INSERT INTO GENEROS VALUES(5,'Comedia')
ALTER SEQUENCE PUBLIC.GENEROS_ID_SEQ RESTART WITH 6
COMMIT
CREATE TABLE peliculas_generos(\u000a   id_pelicula INT,\u000a   id_genero INT,\u000a   PRIMARY KEY(id_pelicula,id_genero),\u000a   FOREIGN KEY(id_pelicula) REFERENCES peliculas,\u000a   FOREIGN KEY(id_genero) REFERENCES generos \u000a)
INSERT INTO PELICULAS_GENEROS VALUES(1,5)
COMMIT
INSERT INTO PELICULAS_GENEROS VALUES(2,3)
COMMIT
INSERT INTO PELICULAS_GENEROS VALUES(3,3)
COMMIT
INSERT INTO PELICULAS_GENEROS VALUES(3,4)
COMMIT
INSERT INTO PELICULAS_GENEROS VALUES(4,2)
COMMIT
INSERT INTO PELICULAS_GENEROS VALUES(4,3)
COMMIT
INSERT INTO PELICULAS_GENEROS VALUES(5,1)
COMMIT
INSERT INTO PELICULAS_GENEROS VALUES(6,2)
COMMIT
INSERT INTO PELICULAS_GENEROS VALUES(6,3)
COMMIT
INSERT INTO PELICULAS_GENEROS VALUES(7,4)
COMMIT
INSERT INTO PELICULAS_GENEROS VALUES(7,2)
COMMIT
CREATE TABLE  peliculas_directores(\u000a   id_pelicula INT,\u000a   id_director INT,\u000a   PRIMARY KEY(id_pelicula, id_director),\u000a   FOREIGN KEY(id_pelicula) REFERENCES peliculas,\u000a   FOREIGN KEY(id_director) REFERENCES directores\u000a)
INSERT INTO PELICULAS_DIRECTORES VALUES(1,2)
COMMIT
INSERT INTO PELICULAS_DIRECTORES VALUES(1,3)
COMMIT
INSERT INTO PELICULAS_DIRECTORES VALUES(2,2)
COMMIT
INSERT INTO PELICULAS_DIRECTORES VALUES(2,3)
COMMIT
INSERT INTO PELICULAS_DIRECTORES VALUES(3,1)
COMMIT
INSERT INTO PELICULAS_DIRECTORES VALUES(4,5)
COMMIT
INSERT INTO PELICULAS_DIRECTORES VALUES(4,6)
COMMIT
INSERT INTO PELICULAS_DIRECTORES VALUES(5,4)
COMMIT
INSERT INTO PELICULAS_DIRECTORES VALUES(6,7)
COMMIT
INSERT INTO PELICULAS_DIRECTORES VALUES(7,8)
COMMIT
/*C3*/SET SCHEMA PUBLIC
DISCONNECT
/*C4*/SET SCHEMA PUBLIC
DISCONNECT
/*C5*/SET SCHEMA PUBLIC
DISCONNECT
/*C6*/SET SCHEMA PUBLIC
DISCONNECT
/*C7*/SET SCHEMA PUBLIC
DISCONNECT
